<?xml version="1.0" encoding="UTF-8"?>
<testsuite xmlns:xsi="http://www.w3.org/2001/XMLSchema-instance" xsi:noNamespaceSchemaLocation="https://maven.apache.org/surefire/maven-surefire-plugin/xsd/surefire-test-report-3.0.xsd" version="3.0" name="com.example.AppTest" time="0.048" tests="2" errors="0" skipped="0" failures="0">
  <properties>
    <property name="java.specification.version" value="21"/>
    <property name="sun.cpu.isalist" value="amd64"/>
    <property name="sun.jnu.encoding" value="Cp1252"/>
    <property name="java.class.path" value="C:\Users\pprg0\Documents\PluginMaven\gitHooksTest\target\test-classes;C:\Users\pprg0\Documents\PluginMaven\gitHooksTest\target\classes;C:\Users\pprg0\.m2\repository\junit\junit\4.12\junit-4.12.jar;C:\Users\pprg0\.m2\repository\org\hamcrest\hamcrest-core\1.3\hamcrest-core-1.3.jar;"/>
    <property name="java.vm.vendor" value="Oracle Corporation"/>
    <property name="sun.arch.data.model" value="64"/>
    <property name="user.variant" value=""/>
    <property name="java.vendor.url" value="https://java.oracle.com/"/>
    <property name="user.timezone" value="America/Sao_Paulo"/>
    <property name="os.name" value="Windows 11"/>
    <property name="java.vm.specification.version" value="21"/>
    <property name="sun.java.launcher" value="SUN_STANDARD"/>
    <property name="user.country" value="BR"/>
    <property name="sun.boot.library.path" value="C:\Program Files\Java\jdk-21.0.4\bin"/>
    <property name="sun.java.command" value="C:\Users\pprg0\AppData\Local\Temp\surefire14404922621130067673\surefirebooter-20240924110244639_3.jar C:\Users\pprg0\AppData\Local\Temp\surefire14404922621130067673 2024-09-24T11-02-44_482-jvmRun1 surefire-20240924110244639_1tmp surefire_0-20240924110244639_2tmp"/>
    <property name="jdk.debug" value="release"/>
    <property name="surefire.test.class.path" value="C:\Users\pprg0\Documents\PluginMaven\gitHooksTest\target\test-classes;C:\Users\pprg0\Documents\PluginMaven\gitHooksTest\target\classes;C:\Users\pprg0\.m2\repository\junit\junit\4.12\junit-4.12.jar;C:\Users\pprg0\.m2\repository\org\hamcrest\hamcrest-core\1.3\hamcrest-core-1.3.jar;"/>
    <property name="sun.cpu.endian" value="little"/>
    <property name="user.home" value="C:\Users\pprg0"/>
    <property name="user.language" value="pt"/>
    <property name="java.specification.vendor" value="Oracle Corporation"/>
    <property name="java.version.date" value="2024-07-16"/>
    <property name="java.home" value="C:\Program Files\Java\jdk-21.0.4"/>
    <property name="file.separator" value="\"/>
    <property name="basedir" value="C:\Users\pprg0\Documents\PluginMaven\gitHooksTest"/>
    <property name="java.vm.compressedOopsMode" value="Zero based"/>
    <property name="line.separator" value="&#10;"/>
    <property name="java.vm.specification.vendor" value="Oracle Corporation"/>
    <property name="java.specification.name" value="Java Platform API Specification"/>
    <property name="surefire.real.class.path" value="C:\Users\pprg0\AppData\Local\Temp\surefire14404922621130067673\surefirebooter-20240924110244639_3.jar"/>
    <property name="user.script" value=""/>
    <property name="sun.management.compiler" value="HotSpot 64-Bit Tiered Compilers"/>
    <property name="java.runtime.version" value="21.0.4+8-LTS-274"/>
    <property name="user.name" value="pprg0"/>
    <property name="stdout.encoding" value="Cp1252"/>
    <property name="path.separator" value=";"/>
    <property name="os.version" value="10.0"/>
    <property name="java.runtime.name" value="Java(TM) SE Runtime Environment"/>
    <property name="file.encoding" value="UTF-8"/>
    <property name="java.vm.name" value="Java HotSpot(TM) 64-Bit Server VM"/>
    <property name="localRepository" value="C:\Users\pprg0\.m2\repository"/>
    <property name="java.vendor.url.bug" value="https://bugreport.java.com/bugreport/"/>
    <property name="java.io.tmpdir" value="C:\Users\pprg0\AppData\Local\Temp\"/>
    <property name="java.version" value="21.0.4"/>
    <property name="user.dir" value="C:\Users\pprg0\Documents\PluginMaven\gitHooksTest"/>
    <property name="os.arch" value="amd64"/>
    <property name="java.vm.specification.name" value="Java Virtual Machine Specification"/>
    <property name="sun.os.patch.level" value=""/>
    <property name="native.encoding" value="Cp1252"/>
    <property name="java.library.path" value="C:\Program Files\Java\jdk-21.0.4\bin;C:\Windows\Sun\Java\bin;C:\Windows\system32;C:\Windows;C:\Program Files\Git\mingw64\libexec\git-core;C:\Program Files\Git\mingw64\bin;C:\Program Files\Git\usr\bin;C:\Users\pprg0\bin;C:\Users\pprg0\AppData\Local\Microsoft\WindowsApps;C:\Users\pprg0\AppData\Local\Programs\Microsoft VS Code\bin;C:\Users\pprg0\.dotnet\tools;C:\Users\pprg0\AppData\Local\Microsoft\WinGet\Packages\Schniz.fnm_Microsoft.Winget.Source_8wekyb3d8bbwe;C:\Users\pprg0\AppData\Roaming\npm;C:\ProgramData\pprg0\GitHubDesktop\bin;C:\Users\pprg0\AppData\Local\GitHubDesktop\bin;C:\Program Files\Git\cmd;C:\Program Files\Git\usr\bin;C:\Program Files\nodejs;C:\Program Files\Java\jdk-21.0.4\bin;C:\Program Files\Maven\apache-maven-3.9.5\bin;C:\Program Files\Docker\Docker\resources\bin;C:\Users\pprg0\AppData\Local\Programs\Python\Launcher;C:\Users\pprg0\AppData\Local\Microsoft\WindowsApps;C:\Users\pprg0\AppData\Local\Programs\Microsoft VS Code\bin;C:\Users\pprg0\.dotnet\tools;C:\Users\pprg0\AppData\Local\Microsoft\WinGet\Packages\Schniz.fnm_Microsoft.Winget.Source_8wekyb3d8bbwe;C:\ProgramData\pprg0\GitHubDesktop\bin;C:\Users\pprg0\AppData\Local\GitHubDesktop\bin;C:\Users\pprg0\AppData\Roaming\npm;."/>
    <property name="java.vm.info" value="mixed mode, sharing"/>
    <property name="stderr.encoding" value="Cp1252"/>
    <property name="java.vendor" value="Oracle Corporation"/>
    <property name="java.vm.version" value="21.0.4+8-LTS-274"/>
    <property name="sun.io.unicode.encoding" value="UnicodeLittle"/>
    <property name="java.class.version" value="65.0"/>
  </properties>
  <testcase name="testAddition" classname="com.example.AppTest" time="0.0"/>
  <testcase name="testSubtraction" classname="com.example.AppTest" time="0.0"/>
</testsuite>